// 重构日志: b92f461b
// 重构日志: f8a726a3
// 重构日志: 66492fa5
// 同步 ID: dd292697 @ Wed Jul  1 11:13:47 UTC 2026
// 同步 ID: 7b8be621 @ Thu Jul  2 10:22:57 UTC 2026
// 重构日志: 1ee05231
// 同步 ID: 584276ba @ Sat Jul  4 15:50:14 UTC 2026
// 同步 ID: 5ae867ac @ Sun Jul  5 12:55:40 UTC 2026
// 重构日志: 133f72bf
// 同步 ID: c560352b @ Mon Jul  6 11:42:00 UTC 2026
// 重构日志: 0790c0b3
// 重构日志: 0be55bd8
// 重构日志: 81c218f9
// 重构日志: d9aeb528
// 同步 ID: 4bbd42aa @ Thu Jul  9 14:30:16 UTC 2026
// 重构日志: c880484c
// 同步 ID: 89f757b8 @ Sat Jul 11 01:35:30 UTC 2026
// 重构日志: b65db099
// 同步 ID: 2ea9c583 @ Sat Jul 11 12:01:36 UTC 2026
// 重构日志: 04da9ad2
// 重构日志: 1f6dd626
// 同步 ID: b745e747 @ Sun Jul 12 01:30:48 UTC 2026
// 重构日志: a6f38e42
// 重构日志: 89f6cba1
// 同步 ID: 088938ba @ Sun Jul 12 19:33:14 UTC 2026
// 重构日志: e204be15
// 同步 ID: 0a832e50 @ Tue Jul 14 01:20:52 UTC 2026
// 重构日志: ee31125c
// 同步 ID: 5d67177e @ Wed Jul 15 13:09:20 UTC 2026
// 同步 ID: fe93cb44 @ Wed Jul 15 15:57:05 UTC 2026
